{
  "uid" : "4b4757e66a1912dae1a509f688f20b0f",
  "name" : "categories",
  "children" : [ {
    "name" : "Test defects",
    "children" : [ {
      "name" : "selenium.common.exceptions.WebDriverException: Message: no such execution context\n  (Session info: chrome=123.0.6312.58)\nStacktrace:\n\tGetHandleVerifier [0x00007FF692407062+63090]\n\t(No symbol) [0x00007FF692372CB2]\n\t(No symbol) [0x00007FF69220EB1D]\n\t(No symbol) [0x00007FF6921FC76D]\n\t(No symbol) [0x00007FF6921FB100]\n\t(No symbol) [0x00007FF6921FBA8F]\n\t(No symbol) [0x00007FF69220925A]\n\t(No symbol) [0x00007FF69221AB0E]\n\t(No symbol) [0x00007FF69221F82A]\n\t(No symbol) [0x00007FF6921FC006]\n\t(No symbol) [0x00007FF69221A6A4]\n\t(No symbol) [0x00007FF6922932ED]\n\t(No symbol) [0x00007FF692276D83]\n\t(No symbol) [0x00007FF6922483A8]\n\t(No symbol) [0x00007FF692249441]\n\tGetHandleVerifier [0x00007FF6928025CD+4238301]\n\tGetHandleVerifier [0x00007FF69283F72D+4488509]\n\tGetHandleVerifier [0x00007FF692837A0F+4456479]\n\tGetHandleVerifier [0x00007FF6924E05A6+953270]\n\t(No symbol) [0x00007FF69237E57F]\n\t(No symbol) [0x00007FF692379254]\n\t(No symbol) [0x00007FF69237938B]\n\t(No symbol) [0x00007FF692369BC4]\n\tBaseThreadInitThunk [0x00007FFE294726AD+29]\n\tRtlUserThreadStart [0x00007FFE2A76AA68+40]",
      "children" : [ {
        "name" : "test_login_with_valid_credentials[amotoorisampletwo@gmail.com-secondtwo]",
        "uid" : "a36bc59f37328be8",
        "parentUid" : "ad3a1d1a1bae3364058f6f5af6e46ecc",
        "status" : "broken",
        "time" : {
          "start" : 1711091652522,
          "stop" : 1711091652522,
          "duration" : 0
        },
        "flaky" : false,
        "parameters" : [ "'amotoorisampletwo@gmail.com'", "'secondtwo'" ]
      } ],
      "uid" : "ad3a1d1a1bae3364058f6f5af6e46ecc"
    } ],
    "uid" : "bdbf199525818fae7a8651db9eafe741"
  }, {
    "name" : "Product defects",
    "children" : [ {
      "name" : "AssertionError: assert False\n +  where False = <method-wrapper '__eq__' of str object at 0x000001769EB52720>('There is no product that matches the search criteria.ABC')\n +    where <method-wrapper '__eq__' of str object at 0x000001769EB52720> = 'There is no product that matches the search criteria.'.__eq__\n +      where 'There is no product that matches the search criteria.' = <bound method SearchPage.retrieve_no_product_message of <pageobjectmodule.Searchpage.SearchPage object at 0x000001769DD01890>>()\n +        where <bound method SearchPage.retrieve_no_product_message of <pageobjectmodule.Searchpage.SearchPage object at 0x000001769DD01890>> = <pageobjectmodule.Searchpage.SearchPage object at 0x000001769DD01890>.retrieve_no_product_message",
      "children" : [ {
        "name" : "test_Search_without_providing_any_product",
        "uid" : "bb577dd1a24be585",
        "parentUid" : "d37257209e6107e98f040512c13c6ef5",
        "status" : "failed",
        "time" : {
          "start" : 1711091735157,
          "stop" : 1711091735732,
          "duration" : 575
        },
        "flaky" : true,
        "parameters" : [ ]
      } ],
      "uid" : "d37257209e6107e98f040512c13c6ef5"
    } ],
    "uid" : "8fb3a91ba5aaf9de24cc8a92edc82b5d"
  } ]
}